Arguments: 
  C:\Program Files\nodejs\node.exe C:\Users\m.ahmed\AppData\Roaming\npm\node_modules\yarn\bin\yarn.js add db-migrate db-migrat-pg

PATH: 
  C:\Program Files (x86)\Intel\iCLS Client\;C:\Program Files\Intel\iCLS Client\;C:\Windows\system32;C:\Windows;C:\Windows\System32\Wbem;C:\Windows\System32\WindowsPowerShell\v1.0\;C:\Windows\System32\OpenSSH\;C:\Program Files (x86)\Intel\Intel(R) Management Engine Components\DAL;C:\Program Files\Intel\Intel(R) Management Engine Components\DAL;C:\Program Files (x86)\Intel\Intel(R) Management Engine Components\IPT;C:\Program Files\Intel\Intel(R) Management Engine Components\IPT;C:\Program Files\Intel\WiFi\bin\;C:\Program Files\Common Files\Intel\WirelessCommon\;C:\Program Files (x86)\NVIDIA Corporation\PhysX\Common;C:\Program Files\nodejs\;C:\Program Files\Git\cmd;C:\Users\m.ahmed\AppData\Local\Microsoft\WindowsApps;;C:\Users\m.ahmed\AppData\Local\Programs\Microsoft VS Code\bin;C:\Users\m.ahmed\AppData\Roaming\npm;C:\Program Files\JetBrains\PyCharm Community Edition 2022.1.1\bin;

Yarn version: 
  1.22.19

Node version: 
  16.15.0

Platform: 
  win32 x64

Trace: 
  Error: https://registry.yarnpkg.com/db-migrat-pg: Not found
      at Request.params.callback [as _callback] (C:\Users\m.ahmed\AppData\Roaming\npm\node_modules\yarn\lib\cli.js:66145:18)
      at Request.self.callback (C:\Users\m.ahmed\AppData\Roaming\npm\node_modules\yarn\lib\cli.js:140890:22)
      at Request.emit (node:events:527:28)
      at Request.<anonymous> (C:\Users\m.ahmed\AppData\Roaming\npm\node_modules\yarn\lib\cli.js:141862:10)
      at Request.emit (node:events:527:28)
      at IncomingMessage.<anonymous> (C:\Users\m.ahmed\AppData\Roaming\npm\node_modules\yarn\lib\cli.js:141784:12)
      at Object.onceWrapper (node:events:641:28)
      at IncomingMessage.emit (node:events:539:35)
      at endReadableNT (node:internal/streams/readable:1345:12)
      at processTicksAndRejections (node:internal/process/task_queues:83:21)

npm manifest: 
  {
    "name": "storefront_backend",
    "version": "0.1.0",
    "description": "This repo contains a basic Node and Express app to get you started in constructing an API. To get started, clone this repo and run `yarn` in your terminal at the project root.",
    "main": "server.ts",
    "scripts": {
      "start": "node src/server.ts",
      "watch": "tsc-watch --esModuleInterop src/server.ts --outDir ./dist --onSuccess \"node ./dist/server.js\"",
      "test": "jasmine-ts",
      "tsc": "tsc"
    },
    "author": "Udacity",
    "license": "ISC",
    "dependencies": {
      "body-parser": "^1.19.0",
      "db-migrate": "^0.11.13",
      "express": "^4.17.1",
      "pg": "^8.5.1",
      "postgres": "^3.2.4",
      "typescript": "^4.1.3",
      "yarn": "^1.22.19"
    },
    "devDependencies": {
      "@types/express": "^4.17.9",
      "@types/jasmine": "^3.6.3",
      "@types/pg": "^7.14.7",
      "jasmine": "^3.6.4",
      "jasmine-spec-reporter": "^6.0.0",
      "jasmine-ts": "^0.3.0",
      "ts-node": "^9.1.1",
      "tsc-watch": "^4.2.9"
    }
  }

yarn manifest: 
  No manifest

Lockfile: 
  No lockfile
